<?xml version="1.0" encoding="UTF-8"?>
<coverage generated="1728682794912" clover="3.2.0">
  <project timestamp="1728682794913" name="All files">
    <metrics statements="33" coveredstatements="16" conditionals="12" coveredconditionals="3" methods="9" coveredmethods="4" elements="54" coveredelements="23" complexity="0" loc="33" ncloc="33" packages="2" files="4" classes="4"/>
    <package name="application">
      <metrics statements="23" coveredstatements="7" conditionals="10" coveredconditionals="1" methods="6" coveredmethods="2"/>
      <file name="ManagementEvent.ts" path="C:\Users\ldric\Documents\parcial\hexagonalPractice\src\application\ManagementEvent.ts">
        <metrics statements="23" coveredstatements="7" conditionals="10" coveredconditionals="1" methods="6" coveredmethods="2"/>
        <line num="3" count="1" type="stmt"/>
        <line num="4" count="1" type="stmt"/>
        <line num="6" count="1" type="stmt"/>
        <line num="7" count="4" type="stmt"/>
        <line num="10" count="2" type="stmt"/>
        <line num="11" count="2" type="stmt"/>
        <line num="12" count="0" type="stmt"/>
        <line num="19" count="2" type="cond" truecount="1" falsecount="1"/>
        <line num="25" count="0" type="stmt"/>
        <line num="26" count="0" type="stmt"/>
        <line num="27" count="0" type="stmt"/>
        <line num="30" count="0" type="cond" truecount="0" falsecount="2"/>
        <line num="35" count="0" type="stmt"/>
        <line num="36" count="0" type="stmt"/>
        <line num="37" count="0" type="stmt"/>
        <line num="39" count="0" type="cond" truecount="0" falsecount="2"/>
        <line num="45" count="0" type="stmt"/>
        <line num="46" count="0" type="stmt"/>
        <line num="48" count="0" type="cond" truecount="0" falsecount="2"/>
        <line num="53" count="0" type="stmt"/>
        <line num="54" count="0" type="stmt"/>
        <line num="55" count="0" type="stmt"/>
        <line num="57" count="0" type="cond" truecount="0" falsecount="2"/>
      </file>
    </package>
    <package name="domain.errors">
      <metrics statements="10" coveredstatements="9" conditionals="2" coveredconditionals="2" methods="3" coveredmethods="2"/>
      <file name="Messages.ts" path="C:\Users\ldric\Documents\parcial\hexagonalPractice\src\domain\errors\Messages.ts">
        <metrics statements="4" coveredstatements="4" conditionals="2" coveredconditionals="2" methods="1" coveredmethods="1"/>
        <line num="1" count="1" type="cond" truecount="2" falsecount="0"/>
        <line num="2" count="1" type="stmt"/>
        <line num="3" count="1" type="stmt"/>
        <line num="4" count="1" type="stmt"/>
      </file>
      <file name="NotCreateError.ts" path="C:\Users\ldric\Documents\parcial\hexagonalPractice\src\domain\errors\NotCreateError.ts">
        <metrics statements="3" coveredstatements="3" conditionals="0" coveredconditionals="0" methods="1" coveredmethods="1"/>
        <line num="1" count="1" type="stmt"/>
        <line num="3" count="1" type="stmt"/>
        <line num="5" count="2" type="stmt"/>
      </file>
      <file name="NotFoundError.ts" path="C:\Users\ldric\Documents\parcial\hexagonalPractice\src\domain\errors\NotFoundError.ts">
        <metrics statements="3" coveredstatements="2" conditionals="0" coveredconditionals="0" methods="1" coveredmethods="0"/>
        <line num="1" count="1" type="stmt"/>
        <line num="3" count="1" type="stmt"/>
        <line num="5" count="0" type="stmt"/>
      </file>
    </package>
  </project>
</coverage>
