TN:
SF:src\application\ManagementEvent.ts
FN:7,(anonymous_0)
FN:9,(anonymous_1)
FN:23,(anonymous_2)
FN:34,(anonymous_3)
FN:44,(anonymous_4)
FN:52,(anonymous_5)
FNF:6
FNH:6
FNDA:60,(anonymous_0)
FNDA:2,(anonymous_1)
FNDA:2,(anonymous_2)
FNDA:2,(anonymous_3)
FNDA:2,(anonymous_4)
FNDA:2,(anonymous_5)
DA:3,1
DA:4,1
DA:6,1
DA:7,60
DA:10,2
DA:11,2
DA:12,1
DA:19,1
DA:25,2
DA:26,2
DA:27,1
DA:30,1
DA:35,2
DA:36,2
DA:37,1
DA:39,1
DA:45,2
DA:46,2
DA:48,1
DA:53,2
DA:54,2
DA:55,2
DA:57,1
LF:23
LH:23
BRDA:19,0,0,1
BRDA:19,0,1,0
BRDA:30,1,0,1
BRDA:30,1,1,0
BRDA:39,2,0,1
BRDA:39,2,1,0
BRDA:48,3,0,1
BRDA:48,3,1,0
BRDA:57,4,0,1
BRDA:57,4,1,0
BRF:10
BRH:5
end_of_record
TN:
SF:src\domain\errors\Messages.ts
FN:1,(anonymous_0)
FNF:1
FNH:1
FNDA:1,(anonymous_0)
DA:1,1
DA:2,1
DA:3,1
DA:4,1
LF:4
LH:4
BRDA:1,0,0,1
BRDA:1,0,1,1
BRF:2
BRH:2
end_of_record
TN:
SF:src\domain\errors\NotCreateError.ts
FN:4,(anonymous_0)
FNF:1
FNH:1
FNDA:3,(anonymous_0)
DA:1,1
DA:3,1
DA:5,3
LF:3
LH:3
BRF:0
BRH:0
end_of_record
TN:
SF:src\domain\errors\NotFoundError.ts
FN:4,(anonymous_0)
FNF:1
FNH:1
FNDA:6,(anonymous_0)
DA:1,1
DA:3,1
DA:5,6
LF:3
LH:3
BRF:0
BRH:0
end_of_record
